<?xml version="1.0" encoding="UTF-8"?>
<!-- Generated by org.testng.reporters.JUnitReportReporter -->
<testsuite hostname="DESKTOP-6AQJ2AG" failures="0" tests="2" name="xyz.PassFail" time="0.016" errors="0" timestamp="2023-02-03T23:21:08 IST" skipped="0">
  <testcase classname="xyz.PassFail" name="testA" time="0.011"/>
  <system-out/>
  <testcase classname="xyz.PassFail" name="testB" time="0.005"/>
  <system-out/>
</testsuite> <!-- xyz.PassFail -->
